2014-09-08 17:37:57: ----- ：任务 'mobilePos'：计算机 'kay' 上的分析操作已由 On File Change Incremental 所启动 (GoodSync v 4.0.0.0) -----
2014-09-08 17:37:57: /Users/liukai/Code/www/MobilePos-remote <-> /Users/liukai/Code/www/MobilePos, WaitForLocksMinutes=20, UberUnlockedUpload, ResolveConflicts=RightToLeft
2014-09-08 17:37:57: Change in: /Users/liukai/Code/www/MobilePos-remote/.git/objects/35/tmp_obj_1BsBab
2014-09-08 17:37:57: Change in: /Users/liukai/Code/www/MobilePos-remote/.git/objects/c5/46c2963977e01ac62a63109e3c1cac952663a6
2014-09-08 17:37:57: Change in: /Users/liukai/Code/www/MobilePos-remote/.git/logs/refs/heads/vs1
2014-09-08 17:37:57: Change in: /Users/liukai/Code/www/MobilePos-remote/.git/objects/db/tmp_obj_XZ7jMa
2014-09-08 17:37:57: Change in: /Users/liukai/Code/www/MobilePos-remote/.git/objects/f8/tmp_obj_PHiZcc
2014-09-08 17:37:57: Change in: /Users/liukai/Code/www/MobilePos-remote/.git/objects/db/8c752eaeac434948f5b88e2d743849fedef7e7
2014-09-08 17:37:57: Change in: /Users/liukai/Code/www/MobilePos-remote/.git/objects/c5/935448b59a359f444820cf0dc02b15e6dc01cc
2014-09-08 17:37:57: Change in: /Users/liukai/Code/www/MobilePos-remote/.git/objects/fd/tmp_obj_hKqObc
2014-09-08 17:37:57: Change in: /Users/liukai/Code/www/MobilePos-remote/.git/refs/heads/vs1
2014-09-08 17:37:57: Change in: /Users/liukai/Code/www/MobilePos-remote/.git/objects/87/tmp_obj_jr2ke9
2014-09-08 17:37:57: Change in: /Users/liukai/Code/www/MobilePos-remote/.git/logs/HEAD
2014-09-08 17:37:57: Change in: /Users/liukai/Code/www/MobilePos-remote/.git/objects/b5/tmp_obj_NiuX9b
2014-09-08 17:37:57: Change in: /Users/liukai/Code/www/MobilePos-remote/.git/index.lock
2014-09-08 17:37:57: Change in: /Users/liukai/Code/www/MobilePos-remote/.git/objects/b5/6e4ed0271d939b1cc9bac2bb82f6668fd5374d
2014-09-08 17:37:57: Change in: /Users/liukai/Code/www/MobilePos-remote/.git/refs/heads/vs1.lock
2014-09-08 17:37:57: Change in: /Users/liukai/Code/www/MobilePos-remote/.git/objects/ce/97c738d972758e34bdf7f6769f7d33d581a337
2014-09-08 17:37:57: Change in: /Users/liukai/Code/www/MobilePos-remote/.git/objects/ce/tmp_obj_Hn6SSa
2014-09-08 17:37:57: Change in: /Users/liukai/Code/www/MobilePos-remote/.git/objects/b6/tmp_obj_lgYF0a
2014-09-08 17:37:57: Change in: /Users/liukai/Code/www/MobilePos-remote/.git/objects/c5/tmp_obj_JgQ4Pa
2014-09-08 17:37:57: Change in: /Users/liukai/Code/www/MobilePos-remote/.git/objects/c5/tmp_obj_36BKqa
2014-09-08 17:37:57: Change in: /Users/liukai/Code/www/MobilePos-remote/.git/objects/35/0389a0515753a8c374077e9a08055de0bc677e
2014-09-08 17:37:57: Change in: /Users/liukai/Code/www/MobilePos-remote/.git/objects/61/4be2e911f07fd0c6130bc15a4169551589c468
2014-09-08 17:37:57: Change in: /Users/liukai/Code/www/MobilePos-remote/.git/objects/87/7504085702de471e7216f554ad4e551a4de6b5
2014-09-08 17:37:57: Change in: /Users/liukai/Code/www/MobilePos-remote/.git/objects/17/82a6df3943d3e8f29c291db8298a890e09308f
2014-09-08 17:37:57: Change in: /Users/liukai/Code/www/MobilePos-remote/.git/objects/17/tmp_obj_rvqRcb
2014-09-08 17:37:57: Change in: /Users/liukai/Code/www/MobilePos-remote/.git/objects/0d/tmp_obj_VeiNOa
2014-09-08 17:37:57: Change in: /Users/liukai/Code/www/MobilePos-remote/.git/objects/61/tmp_obj_jX01Wa
2014-09-08 17:37:57: Change in: /Users/liukai/Code/www/MobilePos-remote/.git/COMMIT_EDITMSG
2014-09-08 17:37:57: Change in: /Users/liukai/Code/www/MobilePos-remote/.git/objects/fd/58530c46686d6c6c3395dad5874ba8c3a70f24
2014-09-08 17:37:57: Change in: /Users/liukai/Code/www/MobilePos-remote/.git/objects/d4/95df66dc43359ee3c3590668a7559a4d8058a4
2014-09-08 17:37:57: Change in: /Users/liukai/Code/www/MobilePos-remote/.git/objects/f8/e41c8f394eff61b9302bc720d2cf5eef127a67
2014-09-08 17:37:57: Change in: /Users/liukai/Code/www/MobilePos-remote/.git/objects/b6/9918df7ed6748da85bb9ecc9bd92f00f495973
2014-09-08 17:37:57: Change in: /Users/liukai/Code/www/MobilePos-remote/.git/objects/0d/c3e47a9d73bff0aad559f58720ca84df6cb56c
2014-09-08 17:37:57: Change in: /Users/liukai/Code/www/MobilePos-remote/.git/objects/d4/tmp_obj_jreDSa
2014-09-08 17:37:57: 变更：0， 冲突：0， 复制时间：0， 复制状态：0/19， 错误： 0
2014-09-08 17:37:57: ----- ：分析已结束。 历时 00:00:00， 速度： Many 个文件/秒 -----
2014-09-08 17:37:57: ===== ：任务 'mobilePos'：同步已被 On File Change Incremental 所启动，位于计算机 'kay' =====
2014-09-08 17:37:57: /Users/liukai/Code/www/MobilePos-remote <-> /Users/liukai/Code/www/MobilePos, WaitForLocksMinutes=20, UberUnlockedUpload, ResolveConflicts=RightToLeft
2014-09-08 17:37:57: 项目同步未必： 19，错误： 0
2014-09-08 17:37:57: ===== ：同步完毕。时间：00:00:00，速度： 707/s (54K/s) =====
2014-09-08 17:37:57: 
